2017-07-07 14:38:23,895 INFO  main 669 [pool.DruidDataSource] - {dataSource-1} inited
2017-07-07 14:38:26,148 DEBUG main 42  [util.SystemConfig] - 加载Properties配置文件database.properties
2017-07-07 14:38:26,149 DEBUG main 42  [util.SystemConfig] - 加载Properties配置文件environment.properties
2017-07-07 14:38:26,154 DEBUG main 42  [util.SystemConfig] - 加载Properties配置文件system.properties
2017-07-07 14:38:58,474 DEBUG http-8902-1 122 [web.BaseControllerSupport] - ┋requestURI=/trans/views/index.html┋/trans
2017-07-07 14:39:01,736 DEBUG http-8902-2 122 [web.BaseControllerSupport] - ┋requestURI=/trans/views/incomeContract.html┋/trans
2017-07-07 14:39:01,864 DEBUG http-8902-2 122 [web.BaseControllerSupport] - ┋requestURI=/trans/lib/My97DatePicker/skin/WdatePicker.css┋/trans
2017-07-07 14:39:07,133 DEBUG http-8902-3 122 [web.BaseControllerSupport] - ┋requestURI=/trans/views/costContract.html┋/trans
2017-07-07 14:39:07,323 DEBUG http-8902-3 122 [web.BaseControllerSupport] - ┋requestURI=/trans/staticData/searchLocationsForSelect┋/trans
2017-07-07 14:39:07,346 DEBUG http-8902-4 122 [web.BaseControllerSupport] - ┋requestURI=/trans/staticData/searchLocationsForSelect┋/trans
2017-07-07 14:39:07,435 DEBUG http-8902-5 122 [web.BaseControllerSupport] - ┋requestURI=/trans/staticData/searchLocationsForSelect┋/trans
2017-07-07 14:39:07,480 DEBUG http-8902-6 122 [web.BaseControllerSupport] - ┋requestURI=/trans/staticData/searchLocationsForSelect┋/trans
2017-07-07 14:39:07,517 DEBUG http-8902-2 122 [web.BaseControllerSupport] - ┋requestURI=/trans/staticData/carFindForSelect┋/trans
2017-07-07 14:39:07,567 DEBUG http-8902-1 122 [web.BaseControllerSupport] - ┋requestURI=/trans/staticData/searchOrgForSelect┋/trans
2017-07-07 14:39:08,187 DEBUG http-8902-4 139 [StaticDataMapper.searchLocationsForSelect] - ==>  Preparing: select s.static_code "id",s.static_name "text" from td_static_data s WHERE s.static_class = '市代码' order by s.fqun 
2017-07-07 14:39:08,300 DEBUG http-8902-4 139 [StaticDataMapper.searchLocationsForSelect] - ==> Parameters: 
2017-07-07 14:39:08,380 DEBUG http-8902-4 139 [StaticDataMapper.searchLocationsForSelect] - <==      Total: 345
2017-07-07 14:39:08,393 DEBUG http-8902-5 139 [StaticDataMapper.searchLocationsForSelect] - ==>  Preparing: select s.static_code "id",s.static_name "text" from td_static_data s WHERE s.static_class = '市代码' order by s.fqun 
2017-07-07 14:39:08,399 DEBUG http-8902-5 139 [StaticDataMapper.searchLocationsForSelect] - ==> Parameters: 
2017-07-07 14:39:08,420 DEBUG http-8902-6 139 [StaticDataMapper.searchLocationsForSelect] - ==>  Preparing: select s.static_code "id",s.static_name "text" from td_static_data s WHERE s.static_class = '市代码' order by s.fqun 
2017-07-07 14:39:08,429 DEBUG http-8902-6 139 [StaticDataMapper.searchLocationsForSelect] - ==> Parameters: 
2017-07-07 14:39:08,487 DEBUG http-8902-5 139 [StaticDataMapper.searchLocationsForSelect] - <==      Total: 345
2017-07-07 14:39:08,491 DEBUG http-8902-3 139 [StaticDataMapper.searchLocationsForSelect] - ==>  Preparing: select s.static_code "id",s.static_name "text" from td_static_data s WHERE s.static_class = '市代码' order by s.fqun 
2017-07-07 14:39:08,492 DEBUG http-8902-3 139 [StaticDataMapper.searchLocationsForSelect] - ==> Parameters: 
2017-07-07 14:39:08,496 DEBUG http-8902-6 139 [StaticDataMapper.searchLocationsForSelect] - <==      Total: 345
2017-07-07 14:39:08,507 DEBUG http-8902-2 139 [StaticDataMapper.carFindForSelect] - ==>  Preparing: select car.brand_id "id",car.brand_name "text" from td_brand car order by car.BRAND_FIRST_LETTER 
2017-07-07 14:39:08,509 DEBUG http-8902-2 139 [StaticDataMapper.carFindForSelect] - ==> Parameters: 
2017-07-07 14:39:08,520 DEBUG http-8902-6 122 [web.BaseControllerSupport] - ┋requestURI=/trans/lib/easyui/themes/icons/edit_add.png┋/trans
2017-07-07 14:39:08,527 DEBUG http-8902-6 122 [web.BaseControllerSupport] - ┋requestURI=/trans/contractRecords/searchContractInfo┋/trans
2017-07-07 14:39:08,537 DEBUG http-8902-3 139 [StaticDataMapper.searchLocationsForSelect] - <==      Total: 345
2017-07-07 14:39:08,540 DEBUG http-8902-1 139 [OrgInfoMapper.searchOrgForSelect] - ==>  Preparing: select o.org_id "id",o.org_name "text" from td_org_info o WHERE o.fstate = '01' and o.org_type = ? order by o.org_name 
2017-07-07 14:39:08,589 DEBUG http-8902-5 122 [web.BaseControllerSupport] - ┋requestURI=/trans/contractRecords/searchContractInfo┋/trans
2017-07-07 14:39:08,596 DEBUG http-8902-1 139 [OrgInfoMapper.searchOrgForSelect] - ==> Parameters: 01(String)
2017-07-07 14:39:08,600 DEBUG http-8902-2 139 [StaticDataMapper.carFindForSelect] - <==      Total: 212
2017-07-07 14:39:08,631 DEBUG http-8902-1 139 [OrgInfoMapper.searchOrgForSelect] - <==      Total: 4
2017-07-07 14:39:08,635 DEBUG http-8902-4 122 [web.BaseControllerSupport] - ┋requestURI=/trans/lib/easyui/themes/icons/edit_remove.png┋/trans
2017-07-07 14:39:08,650 DEBUG http-8902-5 139 [ContractMapper.searchContractInfo] - ==>  Preparing: select CONTRACT_ID, CONTRACT_TYPE, CONSIGN_ORG_ID, CONSIGN_ORG_NAME, LOCATION_CONSIGN, CARRIER_ID, CARRIER_NAME, LOCATION_FROM, LOCATION_TO, FREIGHT_RATES, CHARGE_PERIOD, CONTRACT_START, CONTRACT_END, CONTRACT_FSTATE, MODIFY_DATE, MODIFY_USER_ID, ORG_ID,CAR_BRAND,CAR_MODEL,TEMP_CONPRICE,MODIFY_USER_NAME from tb_contract c WHERE c.contract_type = ? and date_format(c.contract_start,'%Y-%m-%d') >= ? order by date_format(c.MODIFY_DATE,'%Y-%m-%d %T') desc 
2017-07-07 14:39:08,654 DEBUG http-8902-6 139 [ContractMapper.searchContractInfo] - ==>  Preparing: select CONTRACT_ID, CONTRACT_TYPE, CONSIGN_ORG_ID, CONSIGN_ORG_NAME, LOCATION_CONSIGN, CARRIER_ID, CARRIER_NAME, LOCATION_FROM, LOCATION_TO, FREIGHT_RATES, CHARGE_PERIOD, CONTRACT_START, CONTRACT_END, CONTRACT_FSTATE, MODIFY_DATE, MODIFY_USER_ID, ORG_ID,CAR_BRAND,CAR_MODEL,TEMP_CONPRICE,MODIFY_USER_NAME from tb_contract c WHERE c.contract_type = ? and date_format(c.contract_start,'%Y-%m-%d') >= ? order by date_format(c.MODIFY_DATE,'%Y-%m-%d %T') desc 
2017-07-07 14:39:08,660 DEBUG http-8902-5 139 [ContractMapper.searchContractInfo] - ==> Parameters: 02(String), 2016-07-07(String)
2017-07-07 14:39:08,664 DEBUG http-8902-6 139 [ContractMapper.searchContractInfo] - ==> Parameters: 02(String), 2016-07-07(String)
2017-07-07 14:39:08,700 DEBUG http-8902-5 139 [ContractMapper.searchContractInfo] - <==      Total: 6
2017-07-07 14:39:08,719 DEBUG http-8902-6 139 [ContractMapper.searchContractInfo] - <==      Total: 6
2017-07-07 14:39:10,349 DEBUG http-8902-5 122 [web.BaseControllerSupport] - ┋requestURI=/trans/views/trailerArchives.html┋/trans
2017-07-07 14:39:10,555 DEBUG http-8902-5 122 [web.BaseControllerSupport] - ┋requestURI=/trans/staticData/searchOrgForSelect┋/trans
2017-07-07 14:39:10,559 DEBUG http-8902-5 139 [OrgInfoMapper.searchOrgForSelect] - ==>  Preparing: select o.org_id "id",o.org_name "text" from td_org_info o WHERE o.fstate = '01' and o.org_type = ? order by o.org_name 
2017-07-07 14:39:10,561 DEBUG http-8902-5 139 [OrgInfoMapper.searchOrgForSelect] - ==> Parameters: 01(String)
2017-07-07 14:39:10,585 DEBUG http-8902-5 139 [OrgInfoMapper.searchOrgForSelect] - <==      Total: 4
2017-07-07 14:39:10,631 DEBUG http-8902-5 122 [web.BaseControllerSupport] - ┋requestURI=/trans/contractRecords/searchRecordInfo┋/trans
2017-07-07 14:39:10,643 DEBUG http-8902-5 139 [RecordInfoMapper.searchRecordInfo] - ==>  Preparing: select RECORD_ID, ORG_ID, RECORD_TYPE, TRANSPORT_TOOL, TRAILER_NO, LOAD_AMOUNT, CARRIER_ID, CARRIER_NAME, CARRIER_TYPE, MAIN_DRIVE, MAIN_DRIVE_PHONE, CO_PILOT, CO_PILOT_PHONE, RECORD_START, RECORD_END, MODIFY_DATE, MODIFY_USER_ID from tb_record_info r WHERE date_format(r.record_start,'%Y-%m-%d') >= ? order by date_format(r.MODIFY_DATE,'%Y-%m-%d %T') desc 
2017-07-07 14:39:10,647 DEBUG http-8902-5 139 [RecordInfoMapper.searchRecordInfo] - ==> Parameters: 2015-07-07(String)
2017-07-07 14:39:10,743 ERROR http-8902-5 66  [interceptor.ResResultBindingInterceptor] - 请求处理出现异常
org.springframework.jdbc.BadSqlGrammarException: 
### Error querying database.  Cause: com.mysql.jdbc.exceptions.jdbc4.MySQLSyntaxErrorException: Table 'trans.tb_record_info' doesn't exist
### The error may exist in file [/Users/gaofengjiao/work/online/learning/trans/target/classes/META-INF/mapping/RecordInfoMapper.xml]
### The error may involve com.erp.trans.dao.RecordInfoMapper.searchRecordInfo-Inline
### The error occurred while setting parameters
### SQL: select       RECORD_ID, ORG_ID, RECORD_TYPE, TRANSPORT_TOOL, TRAILER_NO, LOAD_AMOUNT, CARRIER_ID,      CARRIER_NAME, CARRIER_TYPE, MAIN_DRIVE, MAIN_DRIVE_PHONE, CO_PILOT, CO_PILOT_PHONE,      RECORD_START, RECORD_END, MODIFY_DATE, MODIFY_USER_ID       from tb_record_info r    WHERE    date_format(r.record_start,'%Y-%m-%d') >= ?    order by date_format(r.MODIFY_DATE,'%Y-%m-%d %T') desc
### Cause: com.mysql.jdbc.exceptions.jdbc4.MySQLSyntaxErrorException: Table 'trans.tb_record_info' doesn't exist
; bad SQL grammar []; nested exception is com.mysql.jdbc.exceptions.jdbc4.MySQLSyntaxErrorException: Table 'trans.tb_record_info' doesn't exist
	at org.springframework.jdbc.support.SQLErrorCodeSQLExceptionTranslator.doTranslate(SQLErrorCodeSQLExceptionTranslator.java:231)
	at org.springframework.jdbc.support.AbstractFallbackSQLExceptionTranslator.translate(AbstractFallbackSQLExceptionTranslator.java:73)
	at org.mybatis.spring.MyBatisExceptionTranslator.translateExceptionIfPossible(MyBatisExceptionTranslator.java:73)
	at org.mybatis.spring.SqlSessionTemplate$SqlSessionInterceptor.invoke(SqlSessionTemplate.java:371)
	at com.sun.proxy.$Proxy35.selectList(Unknown Source)
	at org.mybatis.spring.SqlSessionTemplate.selectList(SqlSessionTemplate.java:198)
	at org.apache.ibatis.binding.MapperMethod.executeForMany(MapperMethod.java:119)
	at org.apache.ibatis.binding.MapperMethod.execute(MapperMethod.java:63)
	at org.apache.ibatis.binding.MapperProxy.invoke(MapperProxy.java:52)
	at com.sun.proxy.$Proxy52.searchRecordInfo(Unknown Source)
	at com.erp.trans.service.impl.ContractRecordsServiceImpl.searchRecordInfo(ContractRecordsServiceImpl.java:44)
	at com.erp.trans.service.impl.ContractRecordsServiceImpl$$FastClassBySpringCGLIB$$c3d6bb3c.invoke(<generated>)
	at org.springframework.cglib.proxy.MethodProxy.invoke(MethodProxy.java:204)
	at org.springframework.aop.framework.CglibAopProxy$CglibMethodInvocation.invokeJoinpoint(CglibAopProxy.java:717)
	at org.springframework.aop.framework.ReflectiveMethodInvocation.proceed(ReflectiveMethodInvocation.java:157)
	at org.springframework.transaction.interceptor.TransactionInterceptor$1.proceedWithInvocation(TransactionInterceptor.java:98)
	at org.springframework.transaction.interceptor.TransactionAspectSupport.invokeWithinTransaction(TransactionAspectSupport.java:266)
	at org.springframework.transaction.interceptor.TransactionInterceptor.invoke(TransactionInterceptor.java:95)
	at org.springframework.aop.framework.ReflectiveMethodInvocation.proceed(ReflectiveMethodInvocation.java:179)
	at org.springframework.transaction.interceptor.TransactionInterceptor$1.proceedWithInvocation(TransactionInterceptor.java:98)
	at org.springframework.transaction.interceptor.TransactionAspectSupport.invokeWithinTransaction(TransactionAspectSupport.java:266)
	at org.springframework.transaction.interceptor.TransactionInterceptor.invoke(TransactionInterceptor.java:95)
	at org.springframework.aop.framework.ReflectiveMethodInvocation.proceed(ReflectiveMethodInvocation.java:179)
	at org.springframework.aop.interceptor.ExposeInvocationInterceptor.invoke(ExposeInvocationInterceptor.java:92)
	at org.springframework.aop.framework.ReflectiveMethodInvocation.proceed(ReflectiveMethodInvocation.java:179)
	at org.springframework.aop.framework.CglibAopProxy$DynamicAdvisedInterceptor.intercept(CglibAopProxy.java:653)
	at com.erp.trans.service.impl.ContractRecordsServiceImpl$$EnhancerBySpringCGLIB$$ef48570b.searchRecordInfo(<generated>)
	at com.erp.trans.web.ContractRecordsController.searchRecordInfo(ContractRecordsController.java:178)
	at sun.reflect.NativeMethodAccessorImpl.invoke0(Native Method)
	at sun.reflect.NativeMethodAccessorImpl.invoke(NativeMethodAccessorImpl.java:62)
	at sun.reflect.DelegatingMethodAccessorImpl.invoke(DelegatingMethodAccessorImpl.java:43)
	at java.lang.reflect.Method.invoke(Method.java:497)
	at org.springframework.web.method.support.InvocableHandlerMethod.invoke(InvocableHandlerMethod.java:215)
	at org.springframework.web.method.support.InvocableHandlerMethod.invokeForRequest(InvocableHandlerMethod.java:132)
	at org.springframework.web.servlet.mvc.method.annotation.ServletInvocableHandlerMethod.invokeAndHandle(ServletInvocableHandlerMethod.java:104)
	at org.springframework.web.servlet.mvc.method.annotation.RequestMappingHandlerAdapter.invokeHandleMethod(RequestMappingHandlerAdapter.java:781)
	at org.springframework.web.servlet.mvc.method.annotation.RequestMappingHandlerAdapter.handleInternal(RequestMappingHandlerAdapter.java:721)
	at org.springframework.web.servlet.mvc.method.AbstractHandlerMethodAdapter.handle(AbstractHandlerMethodAdapter.java:83)
	at org.springframework.web.servlet.DispatcherServlet.doDispatch(DispatcherServlet.java:943)
	at org.springframework.web.servlet.DispatcherServlet.doService(DispatcherServlet.java:877)
	at org.springframework.web.servlet.FrameworkServlet.processRequest(FrameworkServlet.java:966)
	at org.springframework.web.servlet.FrameworkServlet.doPost(FrameworkServlet.java:868)
	at javax.servlet.http.HttpServlet.service(HttpServlet.java:710)
	at org.springframework.web.servlet.FrameworkServlet.service(FrameworkServlet.java:842)
	at javax.servlet.http.HttpServlet.service(HttpServlet.java:803)
	at org.apache.catalina.core.ApplicationFilterChain.internalDoFilter(ApplicationFilterChain.java:290)
	at org.apache.catalina.core.ApplicationFilterChain.doFilter(ApplicationFilterChain.java:206)
	at org.springframework.web.filter.CharacterEncodingFilter.doFilterInternal(CharacterEncodingFilter.java:88)
	at org.springframework.web.filter.OncePerRequestFilter.doFilter(OncePerRequestFilter.java:107)
	at org.apache.catalina.core.ApplicationFilterChain.internalDoFilter(ApplicationFilterChain.java:235)
	at org.apache.catalina.core.ApplicationFilterChain.doFilter(ApplicationFilterChain.java:206)
	at org.apache.catalina.core.StandardWrapperValve.invoke(StandardWrapperValve.java:233)
	at org.apache.catalina.core.StandardContextValve.invoke(StandardContextValve.java:175)
	at org.apache.catalina.core.StandardHostValve.invoke(StandardHostValve.java:128)
	at org.apache.catalina.valves.ErrorReportValve.invoke(ErrorReportValve.java:102)
	at org.apache.catalina.core.StandardEngineValve.invoke(StandardEngineValve.java:109)
	at org.apache.catalina.connector.CoyoteAdapter.service(CoyoteAdapter.java:286)
	at org.apache.coyote.http11.Http11Processor.process(Http11Processor.java:844)
	at org.apache.coyote.http11.Http11Protocol$Http11ConnectionHandler.process(Http11Protocol.java:583)
	at org.apache.tomcat.util.net.JIoEndpoint$Worker.run(JIoEndpoint.java:447)
	at java.lang.Thread.run(Thread.java:745)
Caused by: com.mysql.jdbc.exceptions.jdbc4.MySQLSyntaxErrorException: Table 'trans.tb_record_info' doesn't exist
	at sun.reflect.NativeConstructorAccessorImpl.newInstance0(Native Method)
	at sun.reflect.NativeConstructorAccessorImpl.newInstance(NativeConstructorAccessorImpl.java:62)
	at sun.reflect.DelegatingConstructorAccessorImpl.newInstance(DelegatingConstructorAccessorImpl.java:45)
	at java.lang.reflect.Constructor.newInstance(Constructor.java:422)
	at com.mysql.jdbc.Util.handleNewInstance(Util.java:377)
	at com.mysql.jdbc.Util.getInstance(Util.java:360)
	at com.mysql.jdbc.SQLError.createSQLException(SQLError.java:978)
	at com.mysql.jdbc.MysqlIO.checkErrorPacket(MysqlIO.java:3887)
	at com.mysql.jdbc.MysqlIO.checkErrorPacket(MysqlIO.java:3823)
	at com.mysql.jdbc.MysqlIO.sendCommand(MysqlIO.java:2435)
	at com.mysql.jdbc.MysqlIO.sqlQueryDirect(MysqlIO.java:2582)
	at com.mysql.jdbc.ConnectionImpl.execSQL(ConnectionImpl.java:2530)
	at com.mysql.jdbc.PreparedStatement.executeInternal(PreparedStatement.java:1907)
	at com.mysql.jdbc.PreparedStatement.execute(PreparedStatement.java:1199)
	at com.alibaba.druid.filter.FilterChainImpl.preparedStatement_execute(FilterChainImpl.java:2931)
	at com.alibaba.druid.filter.FilterEventAdapter.preparedStatement_execute(FilterEventAdapter.java:440)
	at com.alibaba.druid.filter.FilterChainImpl.preparedStatement_execute(FilterChainImpl.java:2929)
	at com.alibaba.druid.proxy.jdbc.PreparedStatementProxyImpl.execute(PreparedStatementProxyImpl.java:118)
	at com.alibaba.druid.pool.DruidPooledPreparedStatement.execute(DruidPooledPreparedStatement.java:493)
	at sun.reflect.NativeMethodAccessorImpl.invoke0(Native Method)
	at sun.reflect.NativeMethodAccessorImpl.invoke(NativeMethodAccessorImpl.java:62)
	at sun.reflect.DelegatingMethodAccessorImpl.invoke(DelegatingMethodAccessorImpl.java:43)
	at java.lang.reflect.Method.invoke(Method.java:497)
	at org.apache.ibatis.logging.jdbc.PreparedStatementLogger.invoke(PreparedStatementLogger.java:62)
	at com.sun.proxy.$Proxy73.execute(Unknown Source)
	at org.apache.ibatis.executor.statement.PreparedStatementHandler.query(PreparedStatementHandler.java:59)
	at org.apache.ibatis.executor.statement.RoutingStatementHandler.query(RoutingStatementHandler.java:73)
	at sun.reflect.GeneratedMethodAccessor52.invoke(Unknown Source)
	at sun.reflect.DelegatingMethodAccessorImpl.invoke(DelegatingMethodAccessorImpl.java:43)
	at java.lang.reflect.Method.invoke(Method.java:497)
	at org.apache.ibatis.plugin.Plugin.invoke(Plugin.java:62)
	at com.sun.proxy.$Proxy71.query(Unknown Source)
	at sun.reflect.GeneratedMethodAccessor52.invoke(Unknown Source)
	at sun.reflect.DelegatingMethodAccessorImpl.invoke(DelegatingMethodAccessorImpl.java:43)
	at java.lang.reflect.Method.invoke(Method.java:497)
	at org.apache.ibatis.plugin.Plugin.invoke(Plugin.java:62)
	at com.sun.proxy.$Proxy71.query(Unknown Source)
	at org.apache.ibatis.executor.SimpleExecutor.doQuery(SimpleExecutor.java:60)
	at org.apache.ibatis.executor.BaseExecutor.queryFromDatabase(BaseExecutor.java:267)
	at org.apache.ibatis.executor.BaseExecutor.query(BaseExecutor.java:137)
	at org.apache.ibatis.executor.CachingExecutor.query(CachingExecutor.java:96)
	at org.apache.ibatis.executor.CachingExecutor.query(CachingExecutor.java:77)
	at org.apache.ibatis.session.defaults.DefaultSqlSession.selectList(DefaultSqlSession.java:108)
	at org.apache.ibatis.session.defaults.DefaultSqlSession.selectList(DefaultSqlSession.java:102)
	at sun.reflect.NativeMethodAccessorImpl.invoke0(Native Method)
	at sun.reflect.NativeMethodAccessorImpl.invoke(NativeMethodAccessorImpl.java:62)
	at sun.reflect.DelegatingMethodAccessorImpl.invoke(DelegatingMethodAccessorImpl.java:43)
	at java.lang.reflect.Method.invoke(Method.java:497)
	at org.mybatis.spring.SqlSessionTemplate$SqlSessionInterceptor.invoke(SqlSessionTemplate.java:358)
	... 57 more
2017-07-07 14:39:10,771 DEBUG http-8902-5 34  [util.JSONUtils] - JSONUtils工具类初始化完成
2017-07-07 14:39:10,832 DEBUG http-8902-5 222 [web.BaseControllerSupport] - ■[ResponseBody]：{"interfaceUri":"/trans/contractRecords/searchRecordInfo","status":false,"result":null,"exception":"com.mysql.jdbc.exceptions.jdbc4.MySQLSyntaxErrorException","msg":"Table 'trans.tb_record_info' doesn't exist","timestamp":"2017-07-07 14:39:10","during":135}
2017-07-07 14:39:10,940 DEBUG http-8902-5 122 [web.BaseControllerSupport] - ┋requestURI=/trans/contractRecords/searchRecordInfo┋/trans
2017-07-07 14:39:10,947 DEBUG http-8902-5 139 [RecordInfoMapper.searchRecordInfo] - ==>  Preparing: select RECORD_ID, ORG_ID, RECORD_TYPE, TRANSPORT_TOOL, TRAILER_NO, LOAD_AMOUNT, CARRIER_ID, CARRIER_NAME, CARRIER_TYPE, MAIN_DRIVE, MAIN_DRIVE_PHONE, CO_PILOT, CO_PILOT_PHONE, RECORD_START, RECORD_END, MODIFY_DATE, MODIFY_USER_ID from tb_record_info r WHERE date_format(r.record_start,'%Y-%m-%d') >= ? order by date_format(r.MODIFY_DATE,'%Y-%m-%d %T') desc 
2017-07-07 14:39:10,948 DEBUG http-8902-5 139 [RecordInfoMapper.searchRecordInfo] - ==> Parameters: 2015-07-07(String)
2017-07-07 14:39:10,977 ERROR http-8902-5 66  [interceptor.ResResultBindingInterceptor] - 请求处理出现异常
org.springframework.jdbc.BadSqlGrammarException: 
### Error querying database.  Cause: com.mysql.jdbc.exceptions.jdbc4.MySQLSyntaxErrorException: Table 'trans.tb_record_info' doesn't exist
### The error may exist in file [/Users/gaofengjiao/work/online/learning/trans/target/classes/META-INF/mapping/RecordInfoMapper.xml]
### The error may involve com.erp.trans.dao.RecordInfoMapper.searchRecordInfo-Inline
### The error occurred while setting parameters
### SQL: select       RECORD_ID, ORG_ID, RECORD_TYPE, TRANSPORT_TOOL, TRAILER_NO, LOAD_AMOUNT, CARRIER_ID,      CARRIER_NAME, CARRIER_TYPE, MAIN_DRIVE, MAIN_DRIVE_PHONE, CO_PILOT, CO_PILOT_PHONE,      RECORD_START, RECORD_END, MODIFY_DATE, MODIFY_USER_ID       from tb_record_info r    WHERE    date_format(r.record_start,'%Y-%m-%d') >= ?    order by date_format(r.MODIFY_DATE,'%Y-%m-%d %T') desc
### Cause: com.mysql.jdbc.exceptions.jdbc4.MySQLSyntaxErrorException: Table 'trans.tb_record_info' doesn't exist
; bad SQL grammar []; nested exception is com.mysql.jdbc.exceptions.jdbc4.MySQLSyntaxErrorException: Table 'trans.tb_record_info' doesn't exist
	at org.springframework.jdbc.support.SQLErrorCodeSQLExceptionTranslator.doTranslate(SQLErrorCodeSQLExceptionTranslator.java:231)
	at org.springframework.jdbc.support.AbstractFallbackSQLExceptionTranslator.translate(AbstractFallbackSQLExceptionTranslator.java:73)
	at org.mybatis.spring.MyBatisExceptionTranslator.translateExceptionIfPossible(MyBatisExceptionTranslator.java:73)
	at org.mybatis.spring.SqlSessionTemplate$SqlSessionInterceptor.invoke(SqlSessionTemplate.java:371)
	at com.sun.proxy.$Proxy35.selectList(Unknown Source)
	at org.mybatis.spring.SqlSessionTemplate.selectList(SqlSessionTemplate.java:198)
	at org.apache.ibatis.binding.MapperMethod.executeForMany(MapperMethod.java:119)
	at org.apache.ibatis.binding.MapperMethod.execute(MapperMethod.java:63)
	at org.apache.ibatis.binding.MapperProxy.invoke(MapperProxy.java:52)
	at com.sun.proxy.$Proxy52.searchRecordInfo(Unknown Source)
	at com.erp.trans.service.impl.ContractRecordsServiceImpl.searchRecordInfo(ContractRecordsServiceImpl.java:44)
	at com.erp.trans.service.impl.ContractRecordsServiceImpl$$FastClassBySpringCGLIB$$c3d6bb3c.invoke(<generated>)
	at org.springframework.cglib.proxy.MethodProxy.invoke(MethodProxy.java:204)
	at org.springframework.aop.framework.CglibAopProxy$CglibMethodInvocation.invokeJoinpoint(CglibAopProxy.java:717)
	at org.springframework.aop.framework.ReflectiveMethodInvocation.proceed(ReflectiveMethodInvocation.java:157)
	at org.springframework.transaction.interceptor.TransactionInterceptor$1.proceedWithInvocation(TransactionInterceptor.java:98)
	at org.springframework.transaction.interceptor.TransactionAspectSupport.invokeWithinTransaction(TransactionAspectSupport.java:266)
	at org.springframework.transaction.interceptor.TransactionInterceptor.invoke(TransactionInterceptor.java:95)
	at org.springframework.aop.framework.ReflectiveMethodInvocation.proceed(ReflectiveMethodInvocation.java:179)
	at org.springframework.transaction.interceptor.TransactionInterceptor$1.proceedWithInvocation(TransactionInterceptor.java:98)
	at org.springframework.transaction.interceptor.TransactionAspectSupport.invokeWithinTransaction(TransactionAspectSupport.java:266)
	at org.springframework.transaction.interceptor.TransactionInterceptor.invoke(TransactionInterceptor.java:95)
	at org.springframework.aop.framework.ReflectiveMethodInvocation.proceed(ReflectiveMethodInvocation.java:179)
	at org.springframework.aop.interceptor.ExposeInvocationInterceptor.invoke(ExposeInvocationInterceptor.java:92)
	at org.springframework.aop.framework.ReflectiveMethodInvocation.proceed(ReflectiveMethodInvocation.java:179)
	at org.springframework.aop.framework.CglibAopProxy$DynamicAdvisedInterceptor.intercept(CglibAopProxy.java:653)
	at com.erp.trans.service.impl.ContractRecordsServiceImpl$$EnhancerBySpringCGLIB$$ef48570b.searchRecordInfo(<generated>)
	at com.erp.trans.web.ContractRecordsController.searchRecordInfo(ContractRecordsController.java:178)
	at sun.reflect.NativeMethodAccessorImpl.invoke0(Native Method)
	at sun.reflect.NativeMethodAccessorImpl.invoke(NativeMethodAccessorImpl.java:62)
	at sun.reflect.DelegatingMethodAccessorImpl.invoke(DelegatingMethodAccessorImpl.java:43)
	at java.lang.reflect.Method.invoke(Method.java:497)
	at org.springframework.web.method.support.InvocableHandlerMethod.invoke(InvocableHandlerMethod.java:215)
	at org.springframework.web.method.support.InvocableHandlerMethod.invokeForRequest(InvocableHandlerMethod.java:132)
	at org.springframework.web.servlet.mvc.method.annotation.ServletInvocableHandlerMethod.invokeAndHandle(ServletInvocableHandlerMethod.java:104)
	at org.springframework.web.servlet.mvc.method.annotation.RequestMappingHandlerAdapter.invokeHandleMethod(RequestMappingHandlerAdapter.java:781)
	at org.springframework.web.servlet.mvc.method.annotation.RequestMappingHandlerAdapter.handleInternal(RequestMappingHandlerAdapter.java:721)
	at org.springframework.web.servlet.mvc.method.AbstractHandlerMethodAdapter.handle(AbstractHandlerMethodAdapter.java:83)
	at org.springframework.web.servlet.DispatcherServlet.doDispatch(DispatcherServlet.java:943)
	at org.springframework.web.servlet.DispatcherServlet.doService(DispatcherServlet.java:877)
	at org.springframework.web.servlet.FrameworkServlet.processRequest(FrameworkServlet.java:966)
	at org.springframework.web.servlet.FrameworkServlet.doPost(FrameworkServlet.java:868)
	at javax.servlet.http.HttpServlet.service(HttpServlet.java:710)
	at org.springframework.web.servlet.FrameworkServlet.service(FrameworkServlet.java:842)
	at javax.servlet.http.HttpServlet.service(HttpServlet.java:803)
	at org.apache.catalina.core.ApplicationFilterChain.internalDoFilter(ApplicationFilterChain.java:290)
	at org.apache.catalina.core.ApplicationFilterChain.doFilter(ApplicationFilterChain.java:206)
	at org.springframework.web.filter.CharacterEncodingFilter.doFilterInternal(CharacterEncodingFilter.java:88)
	at org.springframework.web.filter.OncePerRequestFilter.doFilter(OncePerRequestFilter.java:107)
	at org.apache.catalina.core.ApplicationFilterChain.internalDoFilter(ApplicationFilterChain.java:235)
	at org.apache.catalina.core.ApplicationFilterChain.doFilter(ApplicationFilterChain.java:206)
	at org.apache.catalina.core.StandardWrapperValve.invoke(StandardWrapperValve.java:233)
	at org.apache.catalina.core.StandardContextValve.invoke(StandardContextValve.java:175)
	at org.apache.catalina.core.StandardHostValve.invoke(StandardHostValve.java:128)
	at org.apache.catalina.valves.ErrorReportValve.invoke(ErrorReportValve.java:102)
	at org.apache.catalina.core.StandardEngineValve.invoke(StandardEngineValve.java:109)
	at org.apache.catalina.connector.CoyoteAdapter.service(CoyoteAdapter.java:286)
	at org.apache.coyote.http11.Http11Processor.process(Http11Processor.java:844)
	at org.apache.coyote.http11.Http11Protocol$Http11ConnectionHandler.process(Http11Protocol.java:583)
	at org.apache.tomcat.util.net.JIoEndpoint$Worker.run(JIoEndpoint.java:447)
	at java.lang.Thread.run(Thread.java:745)
Caused by: com.mysql.jdbc.exceptions.jdbc4.MySQLSyntaxErrorException: Table 'trans.tb_record_info' doesn't exist
	at sun.reflect.NativeConstructorAccessorImpl.newInstance0(Native Method)
	at sun.reflect.NativeConstructorAccessorImpl.newInstance(NativeConstructorAccessorImpl.java:62)
	at sun.reflect.DelegatingConstructorAccessorImpl.newInstance(DelegatingConstructorAccessorImpl.java:45)
	at java.lang.reflect.Constructor.newInstance(Constructor.java:422)
	at com.mysql.jdbc.Util.handleNewInstance(Util.java:377)
	at com.mysql.jdbc.Util.getInstance(Util.java:360)
	at com.mysql.jdbc.SQLError.createSQLException(SQLError.java:978)
	at com.mysql.jdbc.MysqlIO.checkErrorPacket(MysqlIO.java:3887)
	at com.mysql.jdbc.MysqlIO.checkErrorPacket(MysqlIO.java:3823)
	at com.mysql.jdbc.MysqlIO.sendCommand(MysqlIO.java:2435)
	at com.mysql.jdbc.MysqlIO.sqlQueryDirect(MysqlIO.java:2582)
	at com.mysql.jdbc.ConnectionImpl.execSQL(ConnectionImpl.java:2530)
	at com.mysql.jdbc.PreparedStatement.executeInternal(PreparedStatement.java:1907)
	at com.mysql.jdbc.PreparedStatement.execute(PreparedStatement.java:1199)
	at com.alibaba.druid.filter.FilterChainImpl.preparedStatement_execute(FilterChainImpl.java:2931)
	at com.alibaba.druid.filter.FilterEventAdapter.preparedStatement_execute(FilterEventAdapter.java:440)
	at com.alibaba.druid.filter.FilterChainImpl.preparedStatement_execute(FilterChainImpl.java:2929)
	at com.alibaba.druid.proxy.jdbc.PreparedStatementProxyImpl.execute(PreparedStatementProxyImpl.java:118)
	at com.alibaba.druid.pool.DruidPooledPreparedStatement.execute(DruidPooledPreparedStatement.java:493)
	at sun.reflect.NativeMethodAccessorImpl.invoke0(Native Method)
	at sun.reflect.NativeMethodAccessorImpl.invoke(NativeMethodAccessorImpl.java:62)
	at sun.reflect.DelegatingMethodAccessorImpl.invoke(DelegatingMethodAccessorImpl.java:43)
	at java.lang.reflect.Method.invoke(Method.java:497)
	at org.apache.ibatis.logging.jdbc.PreparedStatementLogger.invoke(PreparedStatementLogger.java:62)
	at com.sun.proxy.$Proxy73.execute(Unknown Source)
	at org.apache.ibatis.executor.statement.PreparedStatementHandler.query(PreparedStatementHandler.java:59)
	at org.apache.ibatis.executor.statement.RoutingStatementHandler.query(RoutingStatementHandler.java:73)
	at sun.reflect.GeneratedMethodAccessor52.invoke(Unknown Source)
	at sun.reflect.DelegatingMethodAccessorImpl.invoke(DelegatingMethodAccessorImpl.java:43)
	at java.lang.reflect.Method.invoke(Method.java:497)
	at org.apache.ibatis.plugin.Plugin.invoke(Plugin.java:62)
	at com.sun.proxy.$Proxy71.query(Unknown Source)
	at sun.reflect.GeneratedMethodAccessor52.invoke(Unknown Source)
	at sun.reflect.DelegatingMethodAccessorImpl.invoke(DelegatingMethodAccessorImpl.java:43)
	at java.lang.reflect.Method.invoke(Method.java:497)
	at org.apache.ibatis.plugin.Plugin.invoke(Plugin.java:62)
	at com.sun.proxy.$Proxy71.query(Unknown Source)
	at org.apache.ibatis.executor.SimpleExecutor.doQuery(SimpleExecutor.java:60)
	at org.apache.ibatis.executor.BaseExecutor.queryFromDatabase(BaseExecutor.java:267)
	at org.apache.ibatis.executor.BaseExecutor.query(BaseExecutor.java:137)
	at org.apache.ibatis.executor.CachingExecutor.query(CachingExecutor.java:96)
	at org.apache.ibatis.executor.CachingExecutor.query(CachingExecutor.java:77)
	at org.apache.ibatis.session.defaults.DefaultSqlSession.selectList(DefaultSqlSession.java:108)
	at org.apache.ibatis.session.defaults.DefaultSqlSession.selectList(DefaultSqlSession.java:102)
	at sun.reflect.NativeMethodAccessorImpl.invoke0(Native Method)
	at sun.reflect.NativeMethodAccessorImpl.invoke(NativeMethodAccessorImpl.java:62)
	at sun.reflect.DelegatingMethodAccessorImpl.invoke(DelegatingMethodAccessorImpl.java:43)
	at java.lang.reflect.Method.invoke(Method.java:497)
	at org.mybatis.spring.SqlSessionTemplate$SqlSessionInterceptor.invoke(SqlSessionTemplate.java:358)
	... 57 more
2017-07-07 14:39:11,003 DEBUG http-8902-5 222 [web.BaseControllerSupport] - ■[ResponseBody]：{"interfaceUri":"/trans/contractRecords/searchRecordInfo","status":false,"result":null,"exception":"com.mysql.jdbc.exceptions.jdbc4.MySQLSyntaxErrorException","msg":"Table 'trans.tb_record_info' doesn't exist","timestamp":"2017-07-07 14:39:10","during":60}
2017-07-07 14:39:12,078 DEBUG http-8902-5 122 [web.BaseControllerSupport] - ┋requestURI=/trans/views/personalArchives.html┋/trans
2017-07-07 14:39:12,249 DEBUG http-8902-5 122 [web.BaseControllerSupport] - ┋requestURI=/trans/personRecords/searchPersonRecords┋/trans
2017-07-07 14:39:12,272 DEBUG http-8902-5 139 [PersonRecordsMapper.searchPersonRecords] - ==>  Preparing: select pr.person_records_id "personRecordsId",pr.P_NAME "pName", pr.P_GENDER "pGender",pr.P_BIRTHDATE "pBirthdate",pr.P_IDNO "pIdno",pr.P_PHONE "pPhone", pr.P_HOME_ADDRESS "pHomeAddress",pr.P_EMERGENCY "pEmergency", pr.P_EMERGENCY_PHONE "pEmergencyPhone", pr.P_BANK_CARD "pBankCard",pr.REMARK "remark",od.DEPARTMENT_NAME "departmentName" from td_person_records pr left join td_org_department od on pr.DEPARMENT_ID = od.DEPARMENT_ID order by pr.MODIFY_DATE desc 
2017-07-07 14:39:12,276 DEBUG http-8902-5 139 [PersonRecordsMapper.searchPersonRecords] - ==> Parameters: 
2017-07-07 14:39:12,302 ERROR http-8902-5 66  [interceptor.ResResultBindingInterceptor] - 请求处理出现异常
org.springframework.jdbc.BadSqlGrammarException: 
### Error querying database.  Cause: com.mysql.jdbc.exceptions.jdbc4.MySQLSyntaxErrorException: Unknown column 'od.DEPARMENT_ID' in 'on clause'
### The error may exist in file [/Users/gaofengjiao/work/online/learning/trans/target/classes/META-INF/mapping/PersonRecordsMapper.xml]
### The error may involve com.erp.trans.dao.PersonRecordsMapper.searchPersonRecords-Inline
### The error occurred while setting parameters
### SQL: select       pr.person_records_id "personRecordsId",pr.P_NAME "pName",     pr.P_GENDER "pGender",pr.P_BIRTHDATE "pBirthdate",pr.P_IDNO "pIdno",pr.P_PHONE "pPhone",     pr.P_HOME_ADDRESS "pHomeAddress",pr.P_EMERGENCY "pEmergency",     pr.P_EMERGENCY_PHONE "pEmergencyPhone",     pr.P_BANK_CARD "pBankCard",pr.REMARK "remark",od.DEPARTMENT_NAME "departmentName"       from td_person_records pr   left join td_org_department  od on pr.DEPARMENT_ID = od.DEPARMENT_ID         order by pr.MODIFY_DATE desc
### Cause: com.mysql.jdbc.exceptions.jdbc4.MySQLSyntaxErrorException: Unknown column 'od.DEPARMENT_ID' in 'on clause'
; bad SQL grammar []; nested exception is com.mysql.jdbc.exceptions.jdbc4.MySQLSyntaxErrorException: Unknown column 'od.DEPARMENT_ID' in 'on clause'
	at org.springframework.jdbc.support.SQLErrorCodeSQLExceptionTranslator.doTranslate(SQLErrorCodeSQLExceptionTranslator.java:231)
	at org.springframework.jdbc.support.AbstractFallbackSQLExceptionTranslator.translate(AbstractFallbackSQLExceptionTranslator.java:73)
	at org.mybatis.spring.MyBatisExceptionTranslator.translateExceptionIfPossible(MyBatisExceptionTranslator.java:73)
	at org.mybatis.spring.SqlSessionTemplate$SqlSessionInterceptor.invoke(SqlSessionTemplate.java:371)
	at com.sun.proxy.$Proxy35.selectList(Unknown Source)
	at org.mybatis.spring.SqlSessionTemplate.selectList(SqlSessionTemplate.java:198)
	at org.apache.ibatis.binding.MapperMethod.executeForMany(MapperMethod.java:119)
	at org.apache.ibatis.binding.MapperMethod.execute(MapperMethod.java:63)
	at org.apache.ibatis.binding.MapperProxy.invoke(MapperProxy.java:52)
	at com.sun.proxy.$Proxy55.searchPersonRecords(Unknown Source)
	at com.erp.trans.service.impl.operatingCosts.PersonRecordsServiceImpl.searchPersonRecords(PersonRecordsServiceImpl.java:23)
	at com.erp.trans.service.impl.operatingCosts.PersonRecordsServiceImpl$$FastClassBySpringCGLIB$$bdd0993a.invoke(<generated>)
	at org.springframework.cglib.proxy.MethodProxy.invoke(MethodProxy.java:204)
	at org.springframework.aop.framework.CglibAopProxy$CglibMethodInvocation.invokeJoinpoint(CglibAopProxy.java:717)
	at org.springframework.aop.framework.ReflectiveMethodInvocation.proceed(ReflectiveMethodInvocation.java:157)
	at org.springframework.transaction.interceptor.TransactionInterceptor$1.proceedWithInvocation(TransactionInterceptor.java:98)
	at org.springframework.transaction.interceptor.TransactionAspectSupport.invokeWithinTransaction(TransactionAspectSupport.java:266)
	at org.springframework.transaction.interceptor.TransactionInterceptor.invoke(TransactionInterceptor.java:95)
	at org.springframework.aop.framework.ReflectiveMethodInvocation.proceed(ReflectiveMethodInvocation.java:179)
	at org.springframework.transaction.interceptor.TransactionInterceptor$1.proceedWithInvocation(TransactionInterceptor.java:98)
	at org.springframework.transaction.interceptor.TransactionAspectSupport.invokeWithinTransaction(TransactionAspectSupport.java:266)
	at org.springframework.transaction.interceptor.TransactionInterceptor.invoke(TransactionInterceptor.java:95)
	at org.springframework.aop.framework.ReflectiveMethodInvocation.proceed(ReflectiveMethodInvocation.java:179)
	at org.springframework.aop.interceptor.ExposeInvocationInterceptor.invoke(ExposeInvocationInterceptor.java:92)
	at org.springframework.aop.framework.ReflectiveMethodInvocation.proceed(ReflectiveMethodInvocation.java:179)
	at org.springframework.aop.framework.CglibAopProxy$DynamicAdvisedInterceptor.intercept(CglibAopProxy.java:653)
	at com.erp.trans.service.impl.operatingCosts.PersonRecordsServiceImpl$$EnhancerBySpringCGLIB$$5632a349.searchPersonRecords(<generated>)
	at com.erp.trans.web.PersonRecordsController.searchPersonRecords(PersonRecordsController.java:63)
	at sun.reflect.NativeMethodAccessorImpl.invoke0(Native Method)
	at sun.reflect.NativeMethodAccessorImpl.invoke(NativeMethodAccessorImpl.java:62)
	at sun.reflect.DelegatingMethodAccessorImpl.invoke(DelegatingMethodAccessorImpl.java:43)
	at java.lang.reflect.Method.invoke(Method.java:497)
	at org.springframework.web.method.support.InvocableHandlerMethod.invoke(InvocableHandlerMethod.java:215)
	at org.springframework.web.method.support.InvocableHandlerMethod.invokeForRequest(InvocableHandlerMethod.java:132)
	at org.springframework.web.servlet.mvc.method.annotation.ServletInvocableHandlerMethod.invokeAndHandle(ServletInvocableHandlerMethod.java:104)
	at org.springframework.web.servlet.mvc.method.annotation.RequestMappingHandlerAdapter.invokeHandleMethod(RequestMappingHandlerAdapter.java:781)
	at org.springframework.web.servlet.mvc.method.annotation.RequestMappingHandlerAdapter.handleInternal(RequestMappingHandlerAdapter.java:721)
	at org.springframework.web.servlet.mvc.method.AbstractHandlerMethodAdapter.handle(AbstractHandlerMethodAdapter.java:83)
	at org.springframework.web.servlet.DispatcherServlet.doDispatch(DispatcherServlet.java:943)
	at org.springframework.web.servlet.DispatcherServlet.doService(DispatcherServlet.java:877)
	at org.springframework.web.servlet.FrameworkServlet.processRequest(FrameworkServlet.java:966)
	at org.springframework.web.servlet.FrameworkServlet.doPost(FrameworkServlet.java:868)
	at javax.servlet.http.HttpServlet.service(HttpServlet.java:710)
	at org.springframework.web.servlet.FrameworkServlet.service(FrameworkServlet.java:842)
	at javax.servlet.http.HttpServlet.service(HttpServlet.java:803)
	at org.apache.catalina.core.ApplicationFilterChain.internalDoFilter(ApplicationFilterChain.java:290)
	at org.apache.catalina.core.ApplicationFilterChain.doFilter(ApplicationFilterChain.java:206)
	at org.springframework.web.filter.CharacterEncodingFilter.doFilterInternal(CharacterEncodingFilter.java:88)
	at org.springframework.web.filter.OncePerRequestFilter.doFilter(OncePerRequestFilter.java:107)
	at org.apache.catalina.core.ApplicationFilterChain.internalDoFilter(ApplicationFilterChain.java:235)
	at org.apache.catalina.core.ApplicationFilterChain.doFilter(ApplicationFilterChain.java:206)
	at org.apache.catalina.core.StandardWrapperValve.invoke(StandardWrapperValve.java:233)
	at org.apache.catalina.core.StandardContextValve.invoke(StandardContextValve.java:175)
	at org.apache.catalina.core.StandardHostValve.invoke(StandardHostValve.java:128)
	at org.apache.catalina.valves.ErrorReportValve.invoke(ErrorReportValve.java:102)
	at org.apache.catalina.core.StandardEngineValve.invoke(StandardEngineValve.java:109)
	at org.apache.catalina.connector.CoyoteAdapter.service(CoyoteAdapter.java:286)
	at org.apache.coyote.http11.Http11Processor.process(Http11Processor.java:844)
	at org.apache.coyote.http11.Http11Protocol$Http11ConnectionHandler.process(Http11Protocol.java:583)
	at org.apache.tomcat.util.net.JIoEndpoint$Worker.run(JIoEndpoint.java:447)
	at java.lang.Thread.run(Thread.java:745)
Caused by: com.mysql.jdbc.exceptions.jdbc4.MySQLSyntaxErrorException: Unknown column 'od.DEPARMENT_ID' in 'on clause'
	at sun.reflect.NativeConstructorAccessorImpl.newInstance0(Native Method)
	at sun.reflect.NativeConstructorAccessorImpl.newInstance(NativeConstructorAccessorImpl.java:62)
	at sun.reflect.DelegatingConstructorAccessorImpl.newInstance(DelegatingConstructorAccessorImpl.java:45)
	at java.lang.reflect.Constructor.newInstance(Constructor.java:422)
	at com.mysql.jdbc.Util.handleNewInstance(Util.java:377)
	at com.mysql.jdbc.Util.getInstance(Util.java:360)
	at com.mysql.jdbc.SQLError.createSQLException(SQLError.java:978)
	at com.mysql.jdbc.MysqlIO.checkErrorPacket(MysqlIO.java:3887)
	at com.mysql.jdbc.MysqlIO.checkErrorPacket(MysqlIO.java:3823)
	at com.mysql.jdbc.MysqlIO.sendCommand(MysqlIO.java:2435)
	at com.mysql.jdbc.MysqlIO.sqlQueryDirect(MysqlIO.java:2582)
	at com.mysql.jdbc.ConnectionImpl.execSQL(ConnectionImpl.java:2530)
	at com.mysql.jdbc.PreparedStatement.executeInternal(PreparedStatement.java:1907)
	at com.mysql.jdbc.PreparedStatement.execute(PreparedStatement.java:1199)
	at com.alibaba.druid.filter.FilterChainImpl.preparedStatement_execute(FilterChainImpl.java:2931)
	at com.alibaba.druid.filter.FilterEventAdapter.preparedStatement_execute(FilterEventAdapter.java:440)
	at com.alibaba.druid.filter.FilterChainImpl.preparedStatement_execute(FilterChainImpl.java:2929)
	at com.alibaba.druid.proxy.jdbc.PreparedStatementProxyImpl.execute(PreparedStatementProxyImpl.java:118)
	at com.alibaba.druid.pool.DruidPooledPreparedStatement.execute(DruidPooledPreparedStatement.java:493)
	at sun.reflect.NativeMethodAccessorImpl.invoke0(Native Method)
	at sun.reflect.NativeMethodAccessorImpl.invoke(NativeMethodAccessorImpl.java:62)
	at sun.reflect.DelegatingMethodAccessorImpl.invoke(DelegatingMethodAccessorImpl.java:43)
	at java.lang.reflect.Method.invoke(Method.java:497)
	at org.apache.ibatis.logging.jdbc.PreparedStatementLogger.invoke(PreparedStatementLogger.java:62)
	at com.sun.proxy.$Proxy73.execute(Unknown Source)
	at org.apache.ibatis.executor.statement.PreparedStatementHandler.query(PreparedStatementHandler.java:59)
	at org.apache.ibatis.executor.statement.RoutingStatementHandler.query(RoutingStatementHandler.java:73)
	at sun.reflect.GeneratedMethodAccessor52.invoke(Unknown Source)
	at sun.reflect.DelegatingMethodAccessorImpl.invoke(DelegatingMethodAccessorImpl.java:43)
	at java.lang.reflect.Method.invoke(Method.java:497)
	at org.apache.ibatis.plugin.Plugin.invoke(Plugin.java:62)
	at com.sun.proxy.$Proxy71.query(Unknown Source)
	at sun.reflect.GeneratedMethodAccessor52.invoke(Unknown Source)
	at sun.reflect.DelegatingMethodAccessorImpl.invoke(DelegatingMethodAccessorImpl.java:43)
	at java.lang.reflect.Method.invoke(Method.java:497)
	at org.apache.ibatis.plugin.Plugin.invoke(Plugin.java:62)
	at com.sun.proxy.$Proxy71.query(Unknown Source)
	at org.apache.ibatis.executor.SimpleExecutor.doQuery(SimpleExecutor.java:60)
	at org.apache.ibatis.executor.BaseExecutor.queryFromDatabase(BaseExecutor.java:267)
	at org.apache.ibatis.executor.BaseExecutor.query(BaseExecutor.java:137)
	at org.apache.ibatis.executor.CachingExecutor.query(CachingExecutor.java:96)
	at org.apache.ibatis.executor.CachingExecutor.query(CachingExecutor.java:77)
	at org.apache.ibatis.session.defaults.DefaultSqlSession.selectList(DefaultSqlSession.java:108)
	at org.apache.ibatis.session.defaults.DefaultSqlSession.selectList(DefaultSqlSession.java:102)
	at sun.reflect.NativeMethodAccessorImpl.invoke0(Native Method)
	at sun.reflect.NativeMethodAccessorImpl.invoke(NativeMethodAccessorImpl.java:62)
	at sun.reflect.DelegatingMethodAccessorImpl.invoke(DelegatingMethodAccessorImpl.java:43)
	at java.lang.reflect.Method.invoke(Method.java:497)
	at org.mybatis.spring.SqlSessionTemplate$SqlSessionInterceptor.invoke(SqlSessionTemplate.java:358)
	... 57 more
2017-07-07 14:39:12,317 DEBUG http-8902-5 222 [web.BaseControllerSupport] - ■[ResponseBody]：{"interfaceUri":"/trans/personRecords/searchPersonRecords","status":false,"result":null,"exception":"com.mysql.jdbc.exceptions.jdbc4.MySQLSyntaxErrorException","msg":"Unknown column 'od.DEPARMENT_ID' in 'on clause'","timestamp":"2017-07-07 14:39:12","during":67}
